Contributing types: Preferences}
{"logTime": "0424/015213", "correlationVector":"tRuzUtVM+yR6Rad+4t2jqA.1","action":"SyncServerConnectionManagerRequest", "result":"SYNC_SERVER_OK", "context":{"environment":"Prod_eastasia_prod-s01-034-apac-eastasia", "migrationStage":"NotStarted", "server":"akswtt006000005"}}
{"logTime": "0424/015213", "correlationVector":"tRuzUtVM+yR6Rad+4t2jqA.2","action":"Commit Response", "result":"Success", "context":Result: Success. cV=tRuzUtVM+yR6Rad+4t2jqA.0;server=akswtt006000005;cloudType=Consumer;environment=Prod_eastasia_prod-s01-034-apac-eastasia;migrationStage=NotStarted}
{"logTime": "0424/015314", "correlationVector":"7aKcqOblJAiYAptwzaf1pw","action":"Commit Request", "result":"", "context":Item count: 5
Contributing types: Sessions, History}
{"logTime": "0424/015315", "correlationVector":"7aKcqOblJAiYAptwzaf1pw.1","action":"SyncServerConnectionManagerRequest", "result":"SYNC_SERVER_OK", "context":{"environment":"Prod_eastasia_prod-s01-034-apac-eastasia", "migrationStage":"NotStarted", "server":"akswtt00600004q"}}
{"logTime": "0424/015315", "correlationVector":"7aKcqOblJAiYAptwzaf1pw.2","action":"Commit Response", "result":"Success", "context":Result: Success. cV=7aKcqOblJAiYAptwzaf1pw.0;server=akswtt00600004q;cloudType=Consumer;environment=Prod_eastasia_prod-s01-034-apac-eastasia;migrationStage=NotStarted}
{"logTime": "0424/020034", "correlationVector":"NJf96lHvGKGDMe1Goixyr2.1","action":"SyncServerConnectionManagerRequest", "result":"SYNC_SERVER_OK", "context":{"environment":"Prod_eastasia_prod-s01-034-apac-eastasia", "migrationStage":"NotStarted", "server":"akswtt006000065"}}
{"logTime": "0424/020034", "correlationVector":"NJf96lHvGKGDMe1Goixyr2.2","action":"ProcessGetUpdates", "result":"Done", "context":{"dataType":"Encryption Keys", "deleted":"0", "process_failed_to_decrypt":"0", "process_pending_decryption":"0", "process_success":"1", "total":"1"}}
{"logTime": "0424/020035", "correlationVector":"qbQJOx6lN2JAh8wkDiimMo","action":"SyncServerConnectionManagerRequest", "result":"SYNC_SERVER_OK", "context":{"environment":"", "migrationStage":"", "server":""}}
{"logTime": "0424/020035", "correlationVector":"qbQJOx6lN2JAh8wkDiimMo.0","action":"EncryptionKeysFetcher.DownloadKeys:", "result":"Success", "context":Key count: 2, Last key timestamp: 2024-12-28T08:53:57Z}
{"logTime": "0424/020035", "correlationVector":"qbQJOx6lN2JAh8wkDiimMo.1","action":"EncryptionKeysManager::SetEncryptionKeys:", "result":"Success", "context":Key names[2]:[eqi+DU0+a71aCttff0NafIuOaXa+K0kIWkebx6ECBvTJoFw9Pe5iNcEtk5Gwa0xAOSEtCk0KU3VvqO48wI+xiQ==][mQln1eUwICRoelT5nkDdzK1JXe2E7HX7kITh3XmIASY1fMuVOi2x+ozUPBQDw/IYepGiunrLI0+YnxJPWBUYyA==]}
{"logTime": "0424/020035", "correlationVector":"qbQJOx6lN2JAh8wkDiimMo.2","action":"EncryptionKeysManager::SetEncryptionKeysWithTimestamps:", "result":"Success", "context":Key timestamps[2]:[2024-07-01T08:09:15Z][2024-12-28T08:53:57Z]}
{"logTime": "0424/020035", "correlationVector":"NJf96lHvGKGDMe1Goixyr2","action":"Initial GetUpdates", "result":"", "context":Reason: NEW_CLIENT. cV=NJf96lHvGKGDMe1Goixyr2}
{"logTime": "0424/020035", "correlationVector":"NJf96lHvGKGDMe1Goixyr2.3","action":"GetUpdates Response", "result":"Success", "context":Received 1 update(s). cV=NJf96lHvGKGDMe1Goixyr2.0;server=akswtt006000065;cloudType=Consumer;environment=Prod_eastasia_prod-s01-034-apac-eastasia;migrationStage=NotStarted}
{"logTime": "0424/020035", "correlationVector":"17g14nNve9DjxCxoFFvsu2","action":"Initial GetUpdates", "result":"", "context":Reason: NEWLY_SUPPORTED_DATATYPE. cV=17g14nNve9DjxCxoFFvsu2}
{"logTime": "0424/020036", "correlationVector":"17g14nNve9DjxCxoFFvsu2.1","action":"SyncServerConnectionManagerRequest", "result":"SYNC_SERVER_OK", "context":{"environment":"Prod_eastasia_prod-s01-034-apac-eastasia", "migrationStage":"NotStarted", "server":"akswtt00600000d"}}
{"logTime": "0424/020036", "correlationVector":"17g14nNve9DjxCxoFFvsu2.2","action":"ProcessGetUpdates", "result":"Done", "context":{"dataType":"Passwords", "deleted":"0", "process_failed_to_decrypt":"0", "process_pending_decryption":"0", "process_success":"2", "total":"2"}}
{"logTime": "0424/020036", "correlationVector":"17g14nNve9DjxCxoFFvsu2.3","action":"GetUpdates Response", "result":"Success", "context":Received 2 update(s). cV=17g14nNve9DjxCxoFFvsu2.0;server=akswtt00600000d;cloudType=Consumer;environment=Prod_eastasia_prod-s01-034-apac-eastasia;migrationStage=NotStarted}
{"logTime": "0424/020036", "correlationVector":"dpg+QzeOs89dDrBK34MlxU","action":"Normal GetUpdate request", "result":"", "context":cV=dpg+QzeOs89dDrBK34MlxU
Nudged types: Sessions, History
Refresh requested types: Bookmarks, Preferences, Passwords, Autofill Profiles, Autofill, Extensions, Sessions, Extension settings, History Delete Directives, Device Info, User Consents, Send Tab To Self, Web Apps, History, Saved Tab Group, Collection, Edge E Drop, Edge Hub App Usage, Edge Tab Group, Edge Wallet, Encryption Keys}
{"logTime": "0424/020036", "correlationVector":"dpg+QzeOs89dDrBK34MlxU.1","action":"SyncServerConnectionManagerRequest", "result":"SYNC_SERVER_OK", "context":{"environment":"Prod_eastasia_prod-s01-034-apac-eastasia", "migrationStage":"NotStarted", "server":"akswtt00600004i"}}
{"logTime": "0424/020036", "correlationVector":"dpg+QzeOs89dDrBK34MlxU.2","action":"ProcessGetUpdates", "result":"Done", "context":{"dataType":"Preferences", "deleted":"0", "process_failed_to_decrypt":"0", "process_pending_decryption":"0", "process_success":"1", "total":"1"}}
{"logTime": "0424/020036", "correlationVector":"dpg+QzeOs89dDrBK34MlxU.3","action":"ProcessGetUpdates", "result":"Done", "context":{"dataType":"Sessions", "deleted":"0", "process_failed_to_decrypt":"0", "process_pending_decryption":"0", "process_success":"2", "total":"2"}}
{"logTime": "0424/020036", "correlationVector":"dpg+QzeOs89dDrBK34MlxU.4","action":"ProcessGetUpdates", "result":"Done", "context":{"dataType":"History", "deleted":"0", "process_failed_to_decrypt":"0", "process_pending_decryption":"0", "process_success":"3", "total":"3"}}
{"logTime": "0424/020036", "correlationVector":"dpg+QzeOs89dDrBK34MlxU.5","action":"GetUpdates Response", "result":"Success", "context":Received 6 update(s). cV=dpg+QzeOs89dDrBK34MlxU.0;server=akswtt00600004i;cloudType=Consumer;environment=Prod_eastasia_prod-s01-034-apac-eastasia;migrationStage=NotStarted}
{"logTime": "0424/020036", "correlationVector":"prCwm3jlp1Bd7VppcnB25w","action":"Commit Request", "result":"", "context":Item count: 4
Contributing types: Sessions, History}
{"logTime": "0424/020036", "correlationVector":"prCwm3jlp1Bd7VppcnB25w.1","action":"SyncServerConnectionManagerRequest", "result":"SYNC_SERVER_OK", "context":{"environment":"Prod_eastasia_prod-s01-034-apac-eastasia", "migrationStage":"NotStarted", "server":"akswtt00600001h"}}
{"logTime": "0424/020036", "correlationVector":"prCwm3jlp1Bd7VppcnB25w.2","action":"Commit Response", "result":"Success", "context":Result: Success. cV=prCwm3jlp1Bd7VppcnB25w.0;server=akswtt00600001h;cloudType=Consumer;environment=Prod_eastasia_prod-s01-034-apac-eastasia;migrationStage=NotStarted}
{"logTime": "0424/020036", "correlationVector":"prCwm3jlp1Bd7VppcnB25w.3","action":"Commit.Sessions", "result":"Success", "context":{"id":"d1ffd227-ace8-45bf-89ac-64a013cc25ec", "isDeleted":"true", "size":"0", "version":"1745459654953"}}
{"logTime": "0424/020038", "correlationVector":"s4MGx8nxK41OWXwoBvF9Rq","action":"Commit Request", "result":"", "context":Item count: 1
Contributing types: Preferences}
{"logTime": "0424/020039", "correlationVector":"s4MGx8nxK41OWXwoBvF9Rq.1","action":"SyncServerConnectionManagerRequest", "result":"SYNC_SERVER_OK", "context":{"environment":"Prod_eastasia_prod-s01-034-apac-eastasia", "migrationStage":"NotStarted", "server":"akswtt00600001j"}}
{"logTime": "0424/020039", "correlationVector":"s4MGx8nxK41OWXwoBvF9Rq.2","action":"Commit Response", "result":"Success", "context":Result: Success. cV=s4MGx8nxK41OWXwoBvF9Rq.0;server=akswtt00600001j;cloudType=Consumer;environment=Prod_eastasia_prod-s01-034-apac-eastasia;migrationStage=NotStarted}
{"logTime": "0424/070814", "correlationVector":"X65lHoAfvNBrwPSrfDTN8x.1","action":"SyncServerConnectionManagerRequest", "result":"SYNC_SERVER_OK", "context":{"environment":"Prod_eastasia_prod-s01-034-apac-eastasia", "migrationStage":"NotStarted", "server":"akswtt006000034"}}
{"logTime": "0424/070814", "correlationVector":"X65lHoAfvNBrwPSrfDTN8x.2","action":"ProcessGetUpdates", "result":"Done", "context":{"dataType":"Encryption Keys", "deleted":"0", "process_failed_to_decrypt":"0", "process_pending_decryption":"0", "process_success":"1", "total":"1"}}
{"logTime": "0424/070815", "correlationVector":"Vk1eur+H03NcCtkDDUiDui","action":"SyncServerConnectionManagerRequest", "result":"SYNC_SERVER_OK", "context":{"environment":"", "migrationStage":"", "server":""}}
{"logTime": "0424/070815", "correlationVector":"Vk1eur+H03NcCtkDDUiDui.0","action":"EncryptionKeysFetcher.DownloadKeys:", "result":"Success", "context":Key count: 2, Last key timestamp: 2024-12-28T08:53:57Z}
{"logTime": "0424/070815", "correlationVector":"Vk1eur+H03NcCtkDDUiDui.1","action":"EncryptionKeysManager::SetEncryptionKeys:", "result":"Success", "context":Key names[2]:[eqi+DU0+a71aCttff0NafIuOaXa+K0kIWkebx6ECBvTJoFw9Pe5iNcEtk5Gwa0xAOSEtCk0KU3VvqO48wI+xiQ==][mQln1eUwICRoelT5nkDdzK1JXe2E7HX7kITh3XmIASY1fMuVOi2x+ozUPBQDw/IYepGiunrLI0+YnxJPWBUYyA==]}
{"logTime": "0424/070815", "correlationVector":"Vk1eur+H03NcCtkDDUiDui.2","action":"EncryptionKeysManager::SetEncryptionKeysWithTimestamps:", "result":"Success", "context":Key timestamps[2]:[2024-07-01T08:09:15Z][2024-12-28T08:53:57Z]}
{"logTime": "0424/070815", "correlationVector":"X65lHoAfvNBrwPSrfDTN8x","action":"Initial GetUpdates", "result":"", "context":Reason: NEW_CLIENT. cV=X65lHoAfvNBrwPSrfDTN8x}
{"logTime": "0424/070815", "correlationVector":"X65lHoAfvNBrwPSrfDTN8x.3","action":"GetUpdates Response", "result":"Success", "context":Received 1 update(s). cV=X65lHoAfvNBrwPSrfDTN8x.0;server=akswtt006000034;cloudType=Consumer;environment=Prod_eastasia_prod-s01-034-apac-eastasia;migrationStage=NotStarted}
{"logTime": "0424/070815", "correlationVector":"5ll1sqG81m8vbYEhPmd4Ea","action":"Initial GetUpdates", "result":"", "context":Reason: NEWLY_SUPPORTED_DATATYPE. cV=5ll1sqG81m8vbYEhPmd4Ea}
{"logTime": "0424/070816", "correlationVector":"5ll1sqG81m8vbYEhPmd4Ea.1","action":"SyncServerConnectionManagerRequest", "result":"SYNC_SERVER_OK", "context":{"environment":"Prod_eastasia_prod-s01-034-apac-eastasia", "migrationStage":"NotStarted", "server":"akswtt00600000r"}}
{"logTime": "0424/070816", "correlationVector":"5ll1sqG81m8vbYEhPmd4Ea.2","action":"ProcessGetUpdates", "result":"Done", "context":{"dataType":"Passwords", "deleted":"0", "process_failed_to_decrypt":"0", "process_pending_decryption":"0", "process_success":"2", "total":"2"}}
{"logTime": "0424/070816", "correlationVector":"5ll1sqG81m8vbYEhPmd4Ea.3","action":"GetUpdates Response", "result":"Success", "context":Received 2 update(s). cV=5ll1sqG81m8vbYEhPmd4Ea.0;server=akswtt00600000r;cloudType=Consumer;environment=Prod_eastasia_prod-s01-034-apac-eastasia;migrationStage=NotStarted}
{"logTime": "0424/070816", "correlationVector":"2ugeTHcnzL4BxSAqLf9DW5","action":"Normal GetUpdate request", "result":"", "context":cV=2ugeTHcnzL4BxSAqLf9DW5
Nudged types: Sessions, History
Refresh requested types: Bookmarks, Preferences, Passwords, Autofill Profiles, Autofill, Extensions, Sessions, Extension settings, History Delete Directives, Device Info, User Consents, Send Tab To Self, Web Apps, History, Saved Tab Group, Collection, Edge E Drop, Edge Hub App Usage, Edge Tab Group, Edge Wallet, Encryption Keys}
{"logTime": "0424/070816", "correlationVector":"2ugeTHcnzL4BxSAqLf9DW5.1","action":"SyncServerConnectionManagerRequest", "result":"SYNC_SERVER_OK", "context":{"environment":"Prod_eastasia_prod-s01-034-apac-eastasia", "migrationStage":"NotStarted", "server":"akswtt00600004q"}}
{"logTime": "0424/070816", "correlationVector":"2ugeTHcnzL4BxSAqLf9DW5.2","action":"ProcessGetUpdates", "result":"Done", "context":{"dataType":"Preferences", "deleted":"0", "process_failed_to_decrypt":"0", "process_pending_decryption":"0", "process_success":"1", "total":"1"}}
{"logTime": "0424/070816", "correlationVector":"2ugeTHcnzL4BxSAqLf9DW5.3","action":"ProcessGetUpdates", "result":"Done", "context":{"dataType":"Sessions", "deleted":"2", "process_failed_to_decrypt":"0", "process_pending_decryption":"0", "process_success":"4", "total":"4"}}
{"logTime": "0424/070816", "correlationVector":"2ugeTHcnzL4BxSAqLf9DW5.4","action":"ProcessGetUpdates", "result":"Done", "context":{"dataType":"History", "deleted":"0", "process_failed_to_decrypt":"0", "process_pending_decryption":"0", "process_success":"2", "total":"2"}}
{"logTime": "0424/070816", "correlationVector":"2ugeTHcnzL4BxSAqLf9DW5.5","action":"GetUpdates Response", "result":"Success", "context":Received 7 update(s). cV=2ugeTHcnzL4BxSAqLf9DW5.0;server=akswtt00600004q;cloudType=Consumer;environment=Prod_eastasia_prod-s01-034-apac-eastasia;migrationStage=NotStarted}
{"logTime": "0424/070818", "correlationVector":"DDfUYyFurqw4WauW8GdFAU","action":"Commit Request", "result":"", "context":Item count: 1
Contributing types: Preferences}
{"logTime": "0424/070819", "correlationVector":"DDfUYyFurqw4WauW8GdFAU.1","action":"SyncServerConnectionManagerRequest", "result":"SYNC_SERVER_OK", "context":{"environment":"Prod_eastasia_prod-s01-034-apac-eastasia", "migrationStage":"NotStarted", "server":"akswtt006000071"}}
{"logTime": "0424/070819", "correlationVector":"DDfUYyFurqw4WauW8GdFAU.2","action":"Commit Response", "result":"Success", "context":Result: Success. cV=DDfUYyFurqw4WauW8GdFAU.0;server=akswtt006000071;cloudType=Consumer;environment=Prod_eastasia_prod-s01-034-apac-eastasia;migrationStage=NotStarted}
{"logTime": "0424/071309", "correlationVector":"TAXUbQToCcuq+sZd4N2sB8.1","action":"SyncServerConnectionManagerRequest", "result":"SYNC_SERVER_OK", "context":{"environment":"Prod_eastasia_prod-s01-034-apac-eastasia", "migrationStage":"NotStarted", "server":"akswtt006000015"}}
{"logTime": "0424/071309", "correlationVector":"TAXUbQToCcuq+sZd4N2sB8.2","action":"ProcessGetUpdates", "result":"Done", "context":{"dataType":"Encryption Keys", "deleted":"0", "process_failed_to_decrypt":"0", "process_pending_decryption":"0", "process_success":"1", "total":"1"}}
{"logTime": "0424/071310", "correlationVector":"u50WAwWydq2IeAn+3tO3su","action":"SyncServerConnectionManagerRequest", "result":"SYNC_SERVER_OK", "context":{"environment":"", "migrationStage":"", "server":""}}
{"logTime": "0424/071310", "correlationVector":"u50WAwWydq2IeAn+3tO3su.0","action":"EncryptionKeysFetcher.DownloadKeys:", "result":"Success", "context":Key count: 2, Last key timestamp: 2024-12-28T08:53:57Z}
{"logTime": "0424/071310", "correlationVector":"u50WAwWydq2IeAn+3tO3su.1","action":"EncryptionKeysManager::SetEncryptionKeys:", "result":"Success", "context":Key names[2]:[eqi+DU0+a71aCttff0NafIuOaXa+K0kIWkebx6ECBvTJoFw9Pe5iNcEtk5Gwa0xAOSEtCk0KU3VvqO48wI+xiQ==][mQln1eUwICRoelT5nkDdzK1JXe2E7HX7kITh3XmIASY1fMuVOi2x+ozUPBQDw/IYepGiunrLI0+YnxJPWBUYyA==]}
{"logTime": "0424/071310", "correlationVector":"u50WAwWydq2IeAn+3tO3su.2","action":"EncryptionKeysManager::SetEncryptionKeysWithTimestamps:", "result":"Success", "context":Key timestamps[2]:[2024-07-01T08:09:15Z][2024-12-28T08:53:57Z]}
{"logTime": "0424/071310", "correlationVector":"TAXUbQToCcuq+sZd4N2sB8","action":"Initial GetUpdates", "result":"", "context":Reason: NEW_CLIENT. cV=TAXUbQToCcuq+sZd4N2sB8}
{"logTime": "0424/071310", "correlationVector":"TAXUbQToCcuq+sZd4N2sB8.3","action":"GetUpdates Response", "result":"Success", "context":Received 1 update(s). cV=TAXUbQToCcuq+sZd4N2sB8.0;server=akswtt006000015;cloudType=Consumer;environment=Prod_eastasia_prod-s01-034-apac-eastasia;migrationStage=NotStarted}
{"logTime": "0424/071310", "correlationVector":"yQhn4tkFDpIBmdZs/fscTC","action":"Initial GetUpdates", "result":"", "context":Reason: NEWLY_SUPPORTED_DATATYPE. cV=yQhn4tkFDpIBmdZs/fscTC}
{"logTime": "0424/071310", "correlationVector":"yQhn4tkFDpIBmdZs/fscTC.1","action":"SyncServerConnectionManagerRequest", "result":"SYNC_SERVER_OK", "context":{"environment":"Prod_eastasia_prod-s01-034-apac-eastasia", "migrationStage":"NotStarted", "server":"akswtt006000009"}}
{"logTime": "0424/071310", "correlationVector":"yQhn4tkFDpIBmdZs/fscTC.2","action":"ProcessGetUpdates", "result":"Done", "context":{"dataType":"Passwords", "deleted":"0", "process_failed_to_decrypt":"0", "process_pending_decryption":"0", "process_success":"2", "total":"2"}}
{"logTime": "0424/071310", "correlationVector":"yQhn4tkFDpIBmdZs/fscTC.3","action":"GetUpdates Response", "result":"Success", "context":Received 2 update(s). cV=yQhn4tkFDpIBmdZs/fscTC.0;server=akswtt006000009;cloudType=Consumer;environment=Prod_eastasia_prod-s01-034-apac-eastasia;migrationStage=NotStarted}
{"logTime": "0424/071310", "correlationVector":"u6h3rnqCOlXgaEeXyaFevn","action":"Normal GetUpdate request", "result":"", "context":cV=u6h3rnqCOlXgaEeXyaFevn
Nudged types: Sessions, History
Refresh requested types: Bookmarks, Preferences, Passwords, Autofill Profiles, Autofill, Extensions, Sessions, Extension settings, History Delete Directives, Device Info, User Consents, Send Tab To Self, Web Apps, History, Saved Tab Group, Collection, Edge E Drop, Edge Hub App Usage, Edge Tab Group, Edge Wallet, Encryption Keys}
{"logTime": "0424/071310", "correlationVector":"u6h3rnqCOlXgaEeXyaFevn.1","action":"SyncServerConnectionManagerRequest", "result":"SYNC_SERVER_OK", "context":{"environment":"Prod_eastasia_prod-s01-034-apac-eastasia", "migrationStage":"NotStarted", "server":"akswtt006000019"}}
{"logTime": "0424/071310", "correlationVector":"u6h3rnqCOlXgaEeXyaFevn.2","action":"ProcessGetUpdates", "result":"Done", "context":{"dataType":"Preferences", "deleted":"0", "process_failed_to_decrypt":"0", "process_pending_decryption":"0", "process_success":"1", "total":"1"}}
{"logTime": "0424/071310", "correlationVector":"u6h3rnqCOlXgaEeXyaFevn.3","action":"GetUpdates Response", "result":"Success", "context":Received 1 update(s). cV=u6h3rnqCOlXgaEeXyaFevn.0;server=akswtt006000019;cloudType=Consumer;environment=Prod_eastasia_prod-s01-034-apac-eastasia;migrationStage=NotStarted}
{"logTime": "0424/071310", "correlationVector":"Ln1joF9kP2JU+uPoTjVTFn","action":"Commit Request", "result":"", "context":Item count: 4
Contributing types: Sessions, History}
{"logTime": "0424/071311", "correlationVector":"Ln1joF9kP2JU+uPoTjVTFn.1","action":"SyncServerConnectionManagerRequest", "result":"SYNC_SERVER_OK", "context":{"environment":"Prod_eastasia_prod-s01-034-apac-eastasia", "migrationStage":"NotStarted", "server":"akswtt00600000s"}}
{"logTime": "0424/071311", "correlationVector":"Ln1joF9kP2JU+uPoTjVTFn.2","action":"Commit Response", "result":"Success", "context":Result: Success. cV=Ln1joF9kP2JU+uPoTjVTFn.0;server=akswtt00600000s;cloudType=Consumer;environment=Prod_eastasia_prod-s01-034-apac-eastasia;migrationStage=NotStarted}
{"logTime": "0424/071313", "correlationVector":"O6R7lUS1n3iQBypq5XPBmd","action":"Commit Request", "result":"", "context":Item count: 1
Contributing types: Preferences}
{"logTime": "0424/071313", "correlationVector":"O6R7lUS1n3iQBypq5XPBmd.1","action":"SyncServerConnectionManagerRequest", "result":"SYNC_SERVER_OK", "context":{"environment":"Prod_eastasia_prod-s01-034-apac-eastasia", "migrationStage":"NotStarted", "server":"akswtt00600004g"}}
{"logTime": "0424/071313", "correlationVector":"O6R7lUS1n3iQBypq5XPBmd.2","action":"Commit Response", "result":"Success", "context":Result: Success. cV=O6R7lUS1n3iQBypq5XPBmd.0;server=akswtt00600004g;cloudType=Consumer;environment=Prod_eastasia_prod-s01-034-apac-eastasia;migrationStage=NotStarted}
{"logTime": "0424/071416", "correlationVector":"H+ipqbHrjutavS+aIZvh/o","action":"Commit Request", "result":"", "context":Item count: 11
Contributing types: Sessions, History}
{"logTime": "0424/071417", "correlationVector":"H+ipqbHrjutavS+aIZvh/o.1","action":"SyncServerConnectionManagerRequest", "result":"SYNC_SERVER_OK", "context":{"environment":"Prod_eastasia_prod-s01-034-apac-eastasia", "migrationStage":"NotStarted", "server":"akswtt00600000r"}}
{"logTime": "0424/071417", "correlationVector":"H+ipqbHrjutavS+aIZvh/o.2","action":"Commit Response", "result":"Success", "context":Result: Success. cV=H+ipqbHrjutavS+aIZvh/o.0;server=akswtt00600000r;cloudType=Consumer;environment=Prod_eastasia_prod-s01-034-apac-eastasia;migrationStage=NotStarted}
{"logTime": "0424/071417", "correlationVector":"H+ipqbHrjutavS+aIZvh/o.3","action":"Commit.Sessions", "result":"Success", "context":{"id":"17cfa43a-a02e-4b83-be99-fbb316efccf0", "isDeleted":"true", "size":"0", "version":"1745478851231"}}
{"logTime": "0424/072546", "correlationVector":"tpDh7xC2AShw0fxt05txYa.1","action":"SyncServerConnectionManagerRequest", "result":"SYNC_SERVER_OK", "context":{"environment":"Prod_eastasia_prod-s01-034-apac-eastasia", "migrationStage":"NotStarted", "server":"akswtt00600005r"}}
{"logTime": "0424/072546", "correlationVector":"tpDh7xC2AShw0fxt05txYa.2","action":"ProcessGetUpdates", "result":"Done", "context":{"dataType":"Encryption Keys", "deleted":"0", "process_failed_to_decrypt":"0", "process_pending_decryption":"0", "process_success":"1", "total":"1"}}
{"logTime": "0424/072547", "correlationVector":"XrHipjowD7StelE002Vdw9","action":"SyncServerConnectionManagerRequest", "result":"SYNC_SERVER_OK", "context":{"environment":"", "migrationStage":"", "server":""}}
{"logTime": "0424/072547", "correlationVector":"XrHipjowD7StelE002Vdw9.0","action":"EncryptionKeysFetcher.DownloadKeys:", "result":"Success", "context":Key count: 2, Last key timestamp: 2024-12-28T08:53:57Z}
{"logTime": "0424/072547", "correlationVector":"XrHipjowD7StelE002Vdw9.1","action":"EncryptionKeysManager::SetEncryptionKeys:", "result":"Success", "context":Key names[2]:[eqi+DU0+a71aCttff0NafIuOaXa+K0kIWkebx6ECBvTJoFw9Pe5iNcEtk5Gwa0xAOSEtCk0KU3VvqO48wI+xiQ==][mQln1eUwICRoelT5nkDdzK1JXe2E7HX7kITh3XmIASY1fMuVOi2x+ozUPBQDw/IYepGiunrLI0+YnxJPWBUYyA==]}
{"logTime": "0424/072547", "correlationVector":"XrHipjowD7StelE002Vdw9.2","action":"EncryptionKeysManager::SetEncryptionKeysWithTimestamps:", "result":"Success", "context":Key timestamps[2]:[2024-07-01T08:09:15Z][2024-12-28T08:53:57Z]}
{"logTime": "0424/072547", "correlationVector":"tpDh7xC2AShw0fxt05txYa","action":"Initial GetUpdates", "result":"", "context":Reason: NEW_CLIENT. cV=tpDh7xC2AShw0fxt05txYa}
{"logTime": "0424/072547", "correlationVector":"tpDh7xC2AShw0fxt05txYa.3","action":"GetUpdates Response", "result":"Success", "context":Received 1 update(s). cV=tpDh7xC2AShw0fxt05txYa.0;server=akswtt00600005r;cloudType=Consumer;environment=Prod_eastasia_prod-s01-034-apac-eastasia;migrationStage=NotStarted}
{"logTime": "0424/072547", "correlationVector":"EezpbL9lqcB8hxqRMbFjwK","action":"Initial GetUpdates", "result":"", "context":Reason: NEWLY_SUPPORTED_DATATYPE. cV=EezpbL9lqcB8hxqRMbFjwK}
{"logTime": "0424/072548", "correlationVector":"EezpbL9lqcB8hxqRMbFjwK.1","action":"SyncServerConnectionManagerRequest", "result":"SYNC_SERVER_OK", "context":{"environment":"Prod_eastasia_prod-s01-034-apac-eastasia", "migrationStage":"NotStarted", "server":"akswtt00600007h"}}
{"logTime": "0424/072548", "correlationVector":"EezpbL9lqcB8hxqRMbFjwK.2","action":"ProcessGetUpdates", "result":"Done", "context":{"dataType":"Passwords", "deleted":"0", "process_failed_to_decrypt":"0", "process_pending_decryption":"0", "process_success":"2", "total":"2"}}
{"logTime": "0424/072548", "correlationVector":"EezpbL9lqcB8hxqRMbFjwK.3","action":"GetUpdates Response", "result":"Success", "context":Received 2 update(s). cV=EezpbL9lqcB8hxqRMbFjwK.0;server=akswtt00600007h;cloudType=Consumer;environment=Prod_eastasia_prod-s01-034-apac-eastasia;migrationStage=NotStarted}
{"logTime": "0424/072548", "correlationVector":"E8T4bu+6trCZ4x05iLTyuI","action":"Normal GetUpdate request", "result":"", "context":cV=E8T4bu+6trCZ4x05iLTyuI
Nudged types: Sessions, History
Refresh requested types: Bookmarks, Preferences, Passwords, Autofill Profiles, Autofill, Extensions, Sessions, Extension settings, History Delete Directives, Device Info, User Consents, Send Tab To Self, Web Apps, History, Saved Tab Group, Collection, Edge E Drop, Edge Hub App Usage, Edge Tab Group, Edge Wallet, Encryption Keys}
{"logTime": "0424/072548", "correlationVector":"E8T4bu+6trCZ4x05iLTyuI.1","action":"SyncServerConnectionManagerRequest", "result":"SYNC_SERVER_OK", "context":{"environment":"Prod_eastasia_prod-s01-034-apac-eastasia", "migrationStage":"NotStarted", "server":"akswtt00600000t"}}
{"logTime": "0424/072548", "correlationVector":"E8T4bu+6trCZ4x05iLTyuI.2","action":"ProcessGetUpdates", "result":"Done", "context":{"dataType":"Preferences", "deleted":"0", "process_failed_to_decrypt":"0", "process_pending_decryption":"0", "process_success":"1", "total":"1"}}
{"logTime": "0424/072548", "correlationVector":"E8T4bu+6trCZ4x05iLTyuI.3","action":"ProcessGetUpdates", "result":"Done", "context":{"dataType":"Sessions", "deleted":"1", "process_failed_to_decrypt":"0", "process_pending_decryption":"0", "process_success":"3", "total":"3"}}
{"logTime": "0424/072548", "correlationVector":"E8T4bu+6trCZ4x05iLTyuI.4","action":"ProcessGetUpdates", "result":"Done", "context":{"dataType":"History", "deleted":"0", "process_failed_to_decrypt":"0", "process_pending_decryption":"0", "process_success":"10", "total":"10"}}
{"logTime": "0424/072548", "correlationVector":"E8T4bu+6trCZ4x05iLTyuI.5","action":"GetUpdates Response", "result":"Success", "context":Received 14 update(s). cV=E8T4bu+6trCZ4x05iLTyuI.0;server=akswtt00600000t;cloudType=Consumer;environment=Prod_eastasia_prod-s01-034-apac-eastasia;migrationStage=NotStarted}
{"logTime": "0424/072548", "correlationVector":"1qUSwiQTyn/O06IsEAYi9+","action":"Commit Request", "result":"", "context":Item count: 3
Contributing types: Sessions, History}
{"logTime": "0424/072548", "correlationVector":"1qUSwiQTyn/O06IsEAYi9+.1","action":"SyncServerConnectionManagerRequest", "result":"SYNC_SERVER_OK", "context":{"environment":"Prod_eastasia_prod-s01-034-apac-eastasia", "migrationStage":"NotStarted", "server":"akswtt006000058"}}
{"logTime": "0424/072548", "correlationVector":"1qUSwiQTyn/O06IsEAYi9+.2","action":"Commit Response", "result":"Success", "context":Result: Success. cV=1qUSwiQTyn/O06IsEAYi9+.0;server=akswtt006000058;cloudType=Consumer;environment=Prod_eastasia_prod-s01-034-apac-eastasia;migrationStage=NotStarted}
{"logTime": "0424/072550", "correlationVector":"kjc/9fwCOY57lqfwtmnReX","action":"Commit Request", "result":"", "context":Item count: 1
Contributing types: Preferences}
{"logTime": "0424/072551", "correlationVector":"kjc/9fwCOY57lqfwtmnReX.1","action":"SyncServerConnectionManagerRequest", "result":"SYNC_SERVER_OK", "context":{"environment":"Prod_eastasia_prod-s01-034-apac-eastasia", "migrationStage":"NotStarted", "server":"akswtt00600007h"}}
{"logTime": "0424/072551", "correlationVector":"kjc/9fwCOY57lqfwtmnReX.2","action":"Commit Response", "result":"Success", "context":Result: Success. cV=kjc/9fwCOY57lqfwtmnReX.0;server=akswtt00600007h;cloudType=Consumer;environment=Prod_eastasia_prod-s01-034-apac-eastasia;migrationStage=NotStarted}
{"logTime": "0424/072651", "correlationVector":"1F8M+zYgYb9VeL3NyoC41L","action":"Commit Request", "result":"", "context":Item count: 3
Contributing types: Sessions, History}
{"logTime": "0424/072652", "correlationVector":"1F8M+zYgYb9VeL3NyoC41L.1","action":"SyncServerConnectionManagerRequest", "result":"SYNC_SERVER_OK", "context":{"environment":"Prod_eastasia_prod-s01-034-apac-eastasia", "migrationStage":"NotStarted", "server":"akswtt00600005m"}}
{"logTime": "0424/072652", "correlationVector":"1F8M+zYgYb9VeL3NyoC41L.2","action":"Commit Response", "result":"Success", "context":Result: Success. cV=1F8M+zYgYb9VeL3NyoC41L.0;server=akswtt00600005m;cloudType=Consumer;environment=Prod_eastasia_prod-s01-034-apac-eastasia;migrationStage=NotStarted}
{"logTime": "0424/072853", "correlationVector":"VjHHbuL4Nl0qWpEnQcjoxq","action":"Commit Request", "result":"", "context":Item count: 1
Contributing types: Sessions}
{"logTime": "0424/072853", "correlationVector":"VjHHbuL4Nl0qWpEnQcjoxq.1","action":"SyncServerConnectionManagerRequest", "result":"SYNC_SERVER_OK", "context":{"environment":"Prod_eastasia_prod-s01-034-apac-eastasia", "migrationStage":"NotStarted", "server":"akswtt006000057"}}
{"logTime": "0424/072853", "correlationVector":"VjHHbuL4Nl0qWpEnQcjoxq.2","action":"Commit Response", "result":"Success", "context":Result: Success. cV=VjHHbuL4Nl0qWpEnQcjoxq.0;server=akswtt006000057;cloudType=Consumer;environment=Prod_eastasia_prod-s01-034-apac-eastasia;migrationStage=NotStarted}
{"logTime": "0424/073251", "correlationVector":"7b+5eKdR10XlUctmeIVPW7","action":"Commit Request", "result":"", "context":Item count: 4
Contributing types: Sessions, History}
{"logTime": "0424/073252", "correlationVector":"7b+5eKdR10XlUctmeIVPW7.1","action":"SyncServerConnectionManagerRequest", "result":"SYNC_SERVER_OK", "context":{"environment":"Prod_eastasia_prod-s01-034-apac-eastasia", "migrationStage":"NotStarted", "server":"akswtt00600006v"}}
{"logTime": "0424/073252", "correlationVector":"7b+5eKdR10XlUctmeIVPW7.2","action":"Commit Response", "result":"Success", "context":Result: Success. cV=7b+5eKdR10XlUctmeIVPW7.0;server=akswtt00600006v;cloudType=Consumer;environment=Prod_eastasia_prod-s01-034-apac-eastasia;migrationStage=NotStarted}
{"logTime": "0424/074324", "correlationVector":"0u2wqR8Q8fG6VPUttaz9AW.1","action":"SyncServerConnectionManagerRequest", "result":"SYNC_SERVER_OK", "context":{"environment":"Prod_eastasia_prod-s01-034-apac-eastasia", "migrationStage":"NotStarted", "server":"akswtt006000036"}}
{"logTime": "0424/074324", "correlationVector":"0u2wqR8Q8fG6VPUttaz9AW.2","action":"ProcessGetUpdates", "result":"Done", "context":{"dataType":"Encryption Keys", "deleted":"0", "process_failed_to_decrypt":"0", "process_pending_decryption":"0", "process_success":"1", "total":"1"}}
{"logTime": "0424/074324", "correlationVector":"gpqnNM4qeQdVOk/8Cxjt8F","action":"SyncServerConnectionManagerRequest", "result":"SYNC_SERVER_OK", "context":{"environment":"", "migrationStage":"", "server":""}}
{"logTime": "0424/074324", "correlationVector":"gpqnNM4qeQdVOk/8Cxjt8F.0","action":"EncryptionKeysFetcher.DownloadKeys:", "result":"Success", "context":Key count: 2, Last key timestamp: 2024-12-28T08:53:57Z}
{"logTime": "0424/074324", "correlationVector":"gpqnNM4qeQdVOk/8Cxjt8F.1","action":"EncryptionKeysManager::SetEncryptionKeys:", "result":"Success", "context":Key names[2]:[eqi+DU0+a71aCttff0NafIuOaXa+K0kIWkebx6ECBvTJoFw9Pe5iNcEtk5Gwa0xAOSEtCk0KU3VvqO48wI+xiQ==][mQln1eUwICRoelT5nkDdzK1JXe2E7HX7kITh3XmIASY1fMuVOi2x+ozUPBQDw/IYepGiunrLI0+YnxJPWBUYyA==]}
{"logTime": "0424/074324", "correlationVector":"gpqnNM4qeQdVOk/8Cxjt8F.2","action":"EncryptionKeysManager::SetEncryptionKeysWithTimestamps:", "result":"Success", "context":Key timestamps[2]:[2024-07-01T08:09:15Z][2024-12-28T08:53:57Z]}
{"logTime": "0424/074324", "correlationVector":"0u2wqR8Q8fG6VPUttaz9AW","action":"Initial GetUpdates", "result":"", "context":Reason: NEW_CLIENT. cV=0u2wqR8Q8fG6VPUttaz9AW}
{"logTime": "0424/074324", "correlationVector":"0u2wqR8Q8fG6VPUttaz9AW.3","action":"GetUpdates Response", "result":"Success", "context":Received 1 update(s). cV=0u2wqR8Q8fG6VPUttaz9AW.0;server=akswtt006000036;cloudType=Consumer;environment=Prod_eastasia_prod-s01-034-apac-eastasia;migrationStage=NotStarted}
{"logTime": "0424/074324", "correlationVector":"GMJJIQF/id4a8cpX0NK7YJ","action":"Initial GetUpdates", "result":"", "context":Reason: NEWLY_SUPPORTED_DATATYPE. cV=GMJJIQF/id4a8cpX0NK7YJ}
{"logTime": "0424/074325", "correlationVector":"GMJJIQF/id4a8cpX0NK7YJ.1","action":"SyncServerConnectionManagerRequest", "result":"SYNC_SERVER_OK", "context":{"environment":"Prod_eastasia_prod-s01-034-apac-eastasia", "migrationStage":"NotStarted", "server":"akswtt00600005p"}}
{"logTime": "0424/074325", "correlationVector":"GMJJIQF/id4a8cpX0NK7YJ.2","action":"ProcessGetUpdates", "result":"Done", "context":{"dataType":"Passwords", "deleted":"0", "process_failed_to_decrypt":"0", "process_pending_decryption":"0", "process_success":"2", "total":"2"}}
{"logTime": "0424/074325", "correlationVector":"GMJJIQF/id4a8cpX0NK7YJ.3","action":"GetUpdates Response", "result":"Success", "context":Received 2 update(s). cV=GMJJIQF/id4a8cpX0NK7YJ.0;server=akswtt00600005p;cloudType=Consumer;environment=Prod_eastasia_prod-s01-034-apac-eastasia;migrationStage=NotStarted}
{"logTime": "0424/074325", "correlationVector":"V+VL2mGNELStx0ljzxYMhJ","action":"Normal GetUpdate request", "result":"", "context":cV=V+VL2mGNELStx0ljzxYMhJ
Nudged types: Sessions, History
Refresh requested types: Bookmarks, Preferences, Passwords, Autofill Profiles, Autofill, Extensions, Sessions, Extension settings, History Delete Directives, Device Info, User Consents, Send Tab To Self, Web Apps, History, Saved Tab Group, Collection, Edge E Drop, Edge Hub App Usage, Edge Tab Group, Edge Wallet, Encryption Keys}
{"logTime": "0424/074325", "correlationVector":"V+VL2mGNELStx0ljzxYMhJ.1","action":"SyncServerConnectionManagerRequest", "result":"SYNC_SERVER_OK", "context":{"environment":"Prod_eastasia_prod-s01-034-apac-eastasia", "migrationStage":"NotStarted", "server":"akswtt00600004p"}}
{"logTime": "0424/074325", "correlationVector":"V+VL2mGNELStx0ljzxYMhJ.2","action":"ProcessGetUpdates", "result":"Done", "context":{"dataType":"Preferences", "deleted":"0", "process_failed_to_decrypt":"0", "process_pending_decryption":"0", "process_success":"1", "total":"1"}}
{"logTime": "0424/074325", "correlationVector":"V+VL2mGNELStx0ljzxYMhJ.3","action":"ProcessGetUpdates", "result":"Done", "context":{"dataType":"Sessions", "deleted":"0", "process_failed_to_decrypt":"0", "process_pending_decryption":"0", "process_success":"2", "total":"2"}}
{"logTime": "0424/074325", "correlationVector":"V+VL2mGNELStx0ljzxYMhJ.4","action":"ProcessGetUpdates", "result":"Done", "context":{"dataType":"History", "deleted":"0", "process_failed_to_decrypt":"0", "process_pending_decryption":"0", "process_success":"5", "total":"5"}}
{"logTime": "0424/074325", "correlationVector":"V+VL2mGNELStx0ljzxYMhJ.5","action":"GetUpdates Response", "result":"Success", "context":Received 8 update(s). cV=V+VL2mGNELStx0ljzxYMhJ.0;server=akswtt00600004p;cloudType=Consumer;environment=Prod_eastasia_prod-s01-034-apac-eastasia;migrationStage=NotStarted}
{"logTime": "0424/074325", "correlationVector":"+tLj/w4mpGZnIPyvdOrcxZ","action":"Commit Request", "result":"", "context":Item count: 4
Contributing types: Sessions, History}
{"logTime": "0424/074326", "correlationVector":"+tLj/w4mpGZnIPyvdOrcxZ.1","action":"SyncServerConnectionManagerRequest", "result":"SYNC_SERVER_OK", "context":{"environment":"Prod_eastasia_prod-s01-034-apac-eastasia", "migrationStage":"NotStarted", "server":"akswtt006000062"}}
{"logTime": "0424/074326", "correlationVector":"+tLj/w4mpGZnIPyvdOrcxZ.2","action":"Commit Response", "result":"Success", "context":Result: Success. cV=+tLj/w4mpGZnIPyvdOrcxZ.0;server=akswtt006000062;cloudType=Consumer;environment=Prod_eastasia_prod-s01-034-apac-eastasia;migrationStage=NotStarted}
{"logTime": "0424/074328", "correlationVector":"YGp8gIgLA8QfwV/AhIPiJ5","action":"Commit Request", "result":"", "context":Item count: 1
Contributing types: Preferences}
{"logTime": "0424/074328", "correlationVector":"YGp8gIgLA8QfwV/AhIPiJ5.1","action":"SyncServerConnectionManagerRequest", "result":"SYNC_SERVER_OK", "context":{"environment":"Prod_eastasia_prod-s01-034-apac-eastasia", "migrationStage":"NotStarted", "server":"akswtt00600005s"}}
{"logTime": "0424/074328", "correlationVector":"YGp8gIgLA8QfwV/AhIPiJ5.2","action":"Commit Response", "result":"Success", "context":Result: Success. cV=YGp8gIgLA8QfwV/AhIPiJ5.0;server=akswtt00600005s;cloudType=Consumer;environment=Prod_eastasia_prod-s01-034-apac-eastasia;migrationStage=NotStarted}
{"logTime": "0424/074429", "correlationVector":"5p2osqfLf7QVF25VnuIa+g","action":"Commit Request", "result":"", "context":Item count: 3
Contributing types: Sessions, History}
{"logTime": "0424/074430", "correlationVector":"5p2osqfLf7QVF25VnuIa+g.1","action":"SyncServerConnectionManagerRequest", "result":"SYNC_SERVER_OK", "context":{"environment":"Prod_eastasia_prod-s01-034-apac-eastasia", "migrationStage":"NotStarted", "server":"akswtt00600005h"}}
{"logTime": "0424/074430", "correlationVector":"5p2osqfLf7QVF25VnuIa+g.3","action":"Commit.Sessions", "result":"Success", "context":{"id":"f684ca46-d75f-4fcf-8a0a-e8e068c7f9ac", "isDeleted":"true", "size":"0", "version":"1745480666232"}}
{"logTime": "0424/074430", "correlationVector":"5p2osqfLf7QVF25VnuIa+g.2","action":"Commit Response", "result":"Success", "context":Result: Success. cV=5p2osqfLf7QVF25VnuIa+g.0;server=akswtt00600005h;cloudType=Consumer;environment=Prod_eastasia_prod-s01-034-apac-eastasia;migrationStage=NotStarted}
{"logTime": "0424/075130", "correlationVector":"DJGWB5nmgnkFUxWMS9Su83.1","action":"SyncServerConnectionManagerRequest", "result":"SYNC_SERVER_OK", "context":{"environment":"Prod_eastasia_prod-s01-034-apac-eastasia", "migrationStage":"NotStarted", "server":"akswtt00600005n"}}
{"logTime": "0424/075130", "correlationVector":"DJGWB5nmgnkFUxWMS9Su83.2","action":"ProcessGetUpdates", "result":"Done", "context":{"dataType":"Encryption Keys", "deleted":"0", "process_failed_to_decrypt":"0", "process_pending_decryption":"0", "process_success":"1", "total":"1"}}
{"logTime": "0424/075131", "correlationVector":"wa/DYvQHRS8o3amSUzjUcP","action":"SyncServerConnectionManagerRequest", "result":"SYNC_SERVER_OK", "context":{"environment":"", "migrationStage":"", "server":""}}
{"logTime": "0424/075131", "correlationVector":"wa/DYvQHRS8o3amSUzjUcP.0","action":"EncryptionKeysFetcher.DownloadKeys:", "result":"Success", "context":Key count: 2, Last key timestamp: 2024-12-28T08:53:57Z}
{"logTime": "0424/075131", "correlationVector":"wa/DYvQHRS8o3amSUzjUcP.1","action":"EncryptionKeysManager::SetEncryptionKeys:", "result":"Success", "context":Key names[2]:[eqi+DU0+a71aCttff0NafIuOaXa+K0kIWkebx6ECBvTJoFw9Pe5iNcEtk5Gwa0xAOSEtCk0KU3VvqO48wI+xiQ==][mQln1eUwICRoelT5nkDdzK1JXe2E7HX7kITh3XmIASY1fMuVOi2x+ozUPBQDw/IYepGiunrLI0+YnxJPWBUYyA==]}
{"logTime": "0424/075131", "correlationVector":"wa/DYvQHRS8o3amSUzjUcP.2","action":"EncryptionKeysManager::SetEncryptionKeysWithTimestamps:", "result":"Success", "context":Key timestamps[2]:[2024-07-01T08:09:15Z][2024-12-28T08:53:57Z]}
{"logTime": "0424/075131", "correlationVector":"DJGWB5nmgnkFUxWMS9Su83","action":"Initial GetUpdates", "result":"", "context":Reason: NEW_CLIENT. cV=DJGWB5nmgnkFUxWMS9Su83}
{"logTime": "0424/075131", "correlationVector":"DJGWB5nmgnkFUxWMS9Su83.3","action":"GetUpdates Response", "result":"Success", "context":Received 1 update(s). cV=DJGWB5nmgnkFUxWMS9Su83.0;server=akswtt00600005n;cloudType=Consumer;environment=Prod_eastasia_prod-s01-034-apac-eastasia;migrationStage=NotStarted}
{"logTime": "0424/075131", "correlationVector":"EwHyYYnY3MGaNcc29OK9Gb","action":"Initial GetUpdates", "result":"", "context":Reason: NEWLY_SUPPORTED_DATATYPE. cV=EwHyYYnY3MGaNcc29OK9Gb}
{"logTime": "0424/075131", "correlationVector":"EwHyYYnY3MGaNcc29OK9Gb.1","action":"SyncServerConnectionManagerRequest", "result":"SYNC_SERVER_OK", "context":{"environment":"Prod_eastasia_prod-s01-034-apac-eastasia", "migrationStage":"NotStarted", "server":"akswtt00600007k"}}
{"logTime": "0424/075131", "correlationVector":"EwHyYYnY3MGaNcc29OK9Gb.2","action":"ProcessGetUpdates", "result":"Done", "context":{"dataType":"Passwords", "deleted":"0", "process_failed_to_decrypt":"0", "process_pending_decryption":"0", "process_success":"2", "total":"2"}}
{"logTime": "0424/075131", "correlationVector":"EwHyYYnY3MGaNcc29OK9Gb.3","action":"GetUpdates Response", "result":"Success", "context":Received 2 update(s). cV=EwHyYYnY3MGaNcc29OK9Gb.0;server=akswtt00600007k;cloudType=Consumer;environment=Prod_eastasia_prod-s01-034-apac-eastasia;migrationStage=NotStarted}
{"logTime": "0424/075131", "correlationVector":"jsu103EN7tqtrmi7+eoSzR","action":"Normal GetUpdate request", "result":"", "context":cV=jsu103EN7tqtrmi7+eoSzR
Nudged types: Sessions, History
Refresh requested types: Bookmarks, Preferences, Passwords, Autofill Profiles, Autofill, Extensions, Sessions, Extension settings, History Delete Directives, Device Info, User Consents, Send Tab To Self, Web Apps, History, Saved Tab Group, Collection, Edge E Drop, Edge Hub App Usage, Edge Tab Group, Edge Wallet, Encryption Keys}
{"logTime": "0424/075132", "correlationVector":"jsu103EN7tqtrmi7+eoSzR.1","action":"SyncServerConnectionManagerRequest", "result":"SYNC_SERVER_OK", "context":{"environment":"Prod_eastasia_prod-s01-034-apac-eastasia", "migrationStage":"NotStarted", "server":"akswtt00600002z"}}
{"logTime": "0424/075132", "correlationVector":"jsu103EN7tqtrmi7+eoSzR.2","action":"ProcessGetUpdates", "result":"Done", "context":{"dataType":"Preferences", "deleted":"0", "process_failed_to_decrypt":"0", "process_pending_decryption":"0", "process_success":"1", "total":"1"}}
{"logTime": "0424/075132", "correlationVector":"jsu103EN7tqtrmi7+eoSzR.3","action":"ProcessGetUpdates", "result":"Done", "context":{"dataType":"Sessions", "deleted":"1", "process_failed_to_decrypt":"0", "process_pending_decryption":"0", "process_success":"3", "total":"3"}}
{"logTime": "0424/075132", "correlationVector":"jsu103EN7tqtrmi7+eoSzR.4","action":"ProcessGetUpdates", "result":"Done", "context":{"dataType":"History", "deleted":"0", "process_failed_to_decrypt":"0", "process_pending_decryption":"0", "process_success":"2", "total":"2"}}
{"logTime": "0424/075132", "correlationVector":"jsu103EN7tqtrmi7+eoSzR.5","action":"GetUpdates Response", "result":"Success", "context":Received 6 update(s). cV=jsu103EN7tqtrmi7+eoSzR.0;server=akswtt00600002z;cloudType=Consumer;environment=Prod_eastasia_prod-s01-034-apac-eastasia;migrationStage=NotStarted}
{"logTime": "0424/075132", "correlationVector":"6a3SnbIELUI3ZpvuEPQ/we","action":"Commit Request", "result":"", "context":Item count: 4
Contributing types: Sessions, History}
{"logTime": "0424/075132", "correlationVector":"6a3SnbIELUI3ZpvuEPQ/we.1","action":"SyncServerConnectionManagerRequest", "result":"SYNC_SERVER_OK", "context":{"environment":"Prod_eastasia_prod-s01-034-apac-eastasia", "migrationStage":"NotStarted", "server":"akswtt00600002x"}}
{"logTime": "0424/075132", "correlationVector":"6a3SnbIELUI3ZpvuEPQ/we.2","action":"Commit Response", "result":"Success", "context":Result: Success. cV=6a3SnbIELUI3ZpvuEPQ/we.0;server=akswtt00600002x;cloudType=Consumer;environment=Prod_eastasia_prod-s01-034-apac-eastasia;migrationStage=NotStarted}
{"logTime": "0424/075134", "correlationVector":"EEBopP0biw+8RNQuvukr9c","action":"Commit Request", "result":"", "context":Item count: 1
Contributing types: Preferences}
{"logTime": "0424/075135", "correlationVector":"EEBopP0biw+8RNQuvukr9c.1","action":"SyncServerConnectionManagerRequest", "result":"SYNC_SERVER_OK", "context":{"environment":"Prod_eastasia_prod-s01-034-apac-eastasia", "migrationStage":"NotStarted", "server":"akswtt00600005r"}}
{"logTime": "0424/075135", "correlationVector":"EEBopP0biw+8RNQuvukr9c.2","action":"Commit Response", "result":"Success", "context":Result: Success. cV=EEBopP0biw+8RNQuvukr9c.0;server=akswtt00600005r;cloudType=Consumer;environment=Prod_eastasia_prod-s01-034-apac-eastasia;migrationStage=NotStarted}
{"logTime": "0424/075236", "correlationVector":"cIQpMhq1E/vzHlBqVge+eW","action":"Commit Request", "result":"", "context":Item count: 5
Contributing types: Sessions, History}
{"logTime": "0424/075237", "correlationVector":"cIQpMhq1E/vzHlBqVge+eW.1","action":"SyncServerConnectionManagerRequest", "result":"SYNC_SERVER_OK", "context":{"environment":"Prod_eastasia_prod-s01-034-apac-eastasia", "migrationStage":"NotStarted", "server":"akswtt00600005t"}}
{"logTime": "0424/075237", "correlationVector":"cIQpMhq1E/vzHlBqVge+eW.3","action":"Commit.Sessions", "result":"Success", "context":{"id":"f52cda4c-9ae8-497a-8b03-64a7c61c7fbb", "isDeleted":"true", "size":"0", "version":"1745481152541"}}
{"logTime": "0424/075237", "correlationVector":"cIQpMhq1E/vzHlBqVge+eW.2","action":"Commit Response", "result":"Success", "context":Result: Success. cV=cIQpMhq1E/vzHlBqVge+eW.0;server=akswtt00600005t;cloudType=Consumer;environment=Prod_eastasia_prod-s01-034-apac-eastasia;migrationStage=NotStarted}
{"logTime": "0424/075359", "correlationVector":"YtBW3xcM7SzvjBuAgWiPuh","action":"Commit Request", "result":"", "context":Item count: 5
Contributing types: Sessions, History}
{"logTime": "0424/075400", "correlationVector":"YtBW3xcM7SzvjBuAgWiPuh.1","action":"SyncServerConnectionManagerRequest", "result":"SYNC_SERVER_OK", "context":{"environment":"Prod_eastasia_prod-s01-034-apac-eastasia", "migrationStage":"NotStarted", "server":"akswtt006000019"}}
{"logTime": "0424/075400", "correlationVector":"YtBW3xcM7SzvjBuAgWiPuh.2","action":"Commit Response", "result":"Success", "context":Result: Success. cV=YtBW3xcM7SzvjBuAgWiPuh.0;server=akswtt006000019;cloudType=Consumer;environment=Prod_eastasia_prod-s01-034-apac-eastasia;migrationStage=NotStarted}
{"logTime": "0424/081959", "correlationVector":"g8QWOCMS1j6BJV2rAZz4AU.1","action":"SyncServerConnectionManagerRequest", "result":"SYNC_SERVER_OK", "context":{"environment":"Prod_eastasia_prod-s01-034-apac-eastasia", "migrationStage":"NotStarted", "server":"akswtt00600003a"}}
{"logTime": "0424/081959", "correlationVector":"g8QWOCMS1j6BJV2rAZz4AU.2","action":"ProcessGetUpdates", "result":"Done", "context":{"dataType":"Encryption Keys", "deleted":"0", "process_failed_to_decrypt":"0", "process_pending_decryption":"0", "process_success":"1", "total":"1"}}
{"logTime": "0424/082003", "correlationVector":"wxvC6eSzVGZ6MeYzm18mhl","action":"SyncServerConnectionManagerRequest", "result":"SYNC_SERVER_OK", "context":{"environment":"", "migrationStage":"", "server":""}}
{"logTime": "0424/082003", "correlationVector":"wxvC6eSzVGZ6MeYzm18mhl.0","action":"EncryptionKeysFetcher.DownloadKeys:", "result":"Success", "context":Key count: 2, Last key timestamp: 2024-12-28T08:53:57Z}
{"logTime": "0424/082003", "correlationVector":"wxvC6eSzVGZ6MeYzm18mhl.1","action":"EncryptionKeysManager::SetEncryptionKeys:", "result":"Success", "context":Key names[2]:[eqi+DU0+a71aCttff0NafIuOaXa+K0kIWkebx6ECBvTJoFw9Pe5iNcEtk5Gwa0xAOSEtCk0KU3VvqO48wI+xiQ==][mQln1eUwICRoelT5nkDdzK1JXe2E7HX7kITh3XmIASY1fMuVOi2x+ozUPBQDw/IYepGiunrLI0+YnxJPWBUYyA==]}
{"logTime": "0424/082003", "correlationVector":"wxvC6eSzVGZ6MeYzm18mhl.2","action":"EncryptionKeysManager::SetEncryptionKeysWithTimestamps:", "result":"Success", "context":Key timestamps[2]:[2024-07-01T08:09:15Z][2024-12-28T08:53:57Z]}
{"logTime": "0424/082003", "correlationVector":"g8QWOCMS1j6BJV2rAZz4AU","action":"Initial GetUpdates", "result":"", "context":Reason: NEW_CLIENT. cV=g8QWOCMS1j6BJV2rAZz4AU}
{"logTime": "0424/082003", "correlationVector":"g8QWOCMS1j6BJV2rAZz4AU.3","action":"GetUpdates Response", "result":"Success", "context":Received 1 update(s). cV=g8QWOCMS1j6BJV2rAZz4AU.0;server=akswtt00600003a;cloudType=Consumer;environment=Prod_eastasia_prod-s01-034-apac-eastasia;migrationStage=NotStarted}
{"logTime": "0424/082003", "correlationVector":"+KQoGwPjD+qspyBxp2e00s","action":"Initial GetUpdates", "result":"", "context":Reason: NEWLY_SUPPORTED_DATATYPE. cV=+KQoGwPjD+qspyBxp2e00s}
{"logTime": "0424/082003", "correlationVector":"+KQoGwPjD+qspyBxp2e00s.1","action":"SyncServerConnectionManagerRequest", "result":"SYNC_SERVER_OK", "context":{"environment":"Prod_eastasia_prod-s01-034-apac-eastasia", "migrationStage":"NotStarted", "server":"akswtt00600004b"}}
{"logTime": "0424/082003", "correlationVector":"+KQoGwPjD+qspyBxp2e00s.2","action":"ProcessGetUpdates", "result":"Done", "context":{"dataType":"Passwords", "deleted":"0", "process_failed_to_decrypt":"0", "process_pending_decryption":"0", "process_success":"2", "total":"2"}}
{"logTime": "0424/082003", "correlationVector":"+KQoGwPjD+qspyBxp2e00s.3","action":"GetUpdates Response", "result":"Success", "context":Received 2 update(s). cV=+KQoGwPjD+qspyBxp2e00s.0;server=akswtt00600004b;cloudType=Consumer;environment=Prod_eastasia_prod-s01-034-apac-eastasia;migrationStage=NotStarted}
{"logTime": "0424/082003", "correlationVector":"GUfcpgXFm1cQtoUGE0QNyq","action":"Normal GetUpdate request", "result":"", "context":cV=GUfcpgXFm1cQtoUGE0QNyq
Nudged types: Sessions, History
Refresh requested types: Bookmarks, Preferences, Passwords, Autofill Profiles, Autofill, Extensions, Sessions, Extension settings, History Delete Directives, Device Info, User Consents, Send Tab To Self, Web Apps, History, Saved Tab Group, Collection, Edge E Drop, Edge Hub App Usage, Edge Tab Group, Edge Wallet, Encryption Keys}
{"logTime": "0424/082004", "correlationVector":"GUfcpgXFm1cQtoUGE0QNyq.1","action":"SyncServerConnectionManagerRequest", "result":"SYNC_SERVER_OK", "context":{"environment":"Prod_eastasia_prod-s01-034-apac-eastasia", "migrationStage":"NotStarted", "server":"akswtt00600005l"}}
{"logTime": "0424/082004", "correlationVector":"GUfcpgXFm1cQtoUGE0QNyq.2","action":"ProcessGetUpdates", "result":"Done", "context":{"dataType":"Preferences", "deleted":"0", "process_failed_to_decrypt":"0", "process_pending_decryption":"0", "process_success":"1", "total":"1"}}
{"logTime": "0424/082004", "correlationVector":"GUfcpgXFm1cQtoUGE0QNyq.3","action":"ProcessGetUpdates", "result":"Done", "context":{"dataType":"Sessions", "deleted":"1", "process_failed_to_decrypt":"0", "process_pending_decryption":"0", "process_success":"3", "total":"3"}}
{"logTime": "0424/082004", "correlationVector":"GUfcpgXFm1cQtoUGE0QNyq.4","action":"ProcessGetUpdates", "result":"Done", "context":{"dataType":"History", "deleted":"0", "process_failed_to_decrypt":"0", "process_pending_decryption":"0", "process_success":"7", "total":"7"}}
{"logTime": "0424/082004", "correlationVector":"GUfcpgXFm1cQtoUGE0QNyq.5","action":"GetUpdates Response", "result":"Success", "context":Received 11 update(s). cV=GUfcpgXFm1cQtoUGE0QNyq.0;server=akswtt00600005l;cloudType=Consumer;environment=Prod_eastasia_prod-s01-034-apac-eastasia;migrationStage=NotStarted}
{"logTime": "0424/082004", "correlationVector":"1WZqy4KiQM9Lf6GAbrWIkF","action":"Commit Request", "result":"", "context":Item count: 4
Contributing types: Sessions, History}
{"logTime": "0424/082004", "correlationVector":"1WZqy4KiQM9Lf6GAbrWIkF.1","action":"SyncServerConnectionManagerRequest", "result":"SYNC_SERVER_OK", "context":{"environment":"Prod_eastasia_prod-s01-034-apac-eastasia", "migrationStage":"NotStarted", "server":"akswtt00600003i"}}
{"logTime": "0424/082004", "correlationVector":"1WZqy4KiQM9Lf6GAbrWIkF.2","action":"Commit Response", "result":"Success", "context":Result: Success. cV=1WZqy4KiQM9Lf6GAbrWIkF.0;server=akswtt00600003i;cloudType=Consumer;environment=Prod_eastasia_prod-s01-034-apac-eastasia;migrationStage=NotStarted}
{"logTime": "0424/082004", "correlationVector":"1WZqy4KiQM9Lf6GAbrWIkF.3","action":"Commit.Sessions", "result":"Success", "context":{"id":"5a5057ec-f6b7-4ea3-841c-8cf5fa884e22", "isDeleted":"true", "size":"0", "version":"1745481300041"}}
{"logTime": "0424/082006", "correlationVector":"e4LhlwsSFLSVzSOsMsh6jz","action":"Commit Request", "result":"", "context":Item count: 1
Contributing types: Preferences}
{"logTime": "0424/082006", "correlationVector":"e4LhlwsSFLSVzSOsMsh6jz.1","action":"SyncServerConnectionManagerRequest", "result":"SYNC_SERVER_OK", "context":{"environment":"Prod_eastasia_prod-s01-034-apac-eastasia", "migrationStage":"NotStarted", "server":"akswtt00600003b"}}
{"logTime": "0424/082006", "correlationVector":"e4LhlwsSFLSVzSOsMsh6jz.2","action":"Commit Response", "result":"Success", "context":Result: Success. cV=e4LhlwsSFLSVzSOsMsh6jz.0;server=akswtt00600003b;cloudType=Consumer;environment=Prod_eastasia_prod-s01-034-apac-eastasia;migrationStage=NotStarted}
{"logTime": "0424/082107", "correlationVector":"yOC7EtGr7QhD9uQYxWZLRA","action":"Commit Request", "result":"", "context":Item count: 6
Contributing types: Sessions, History}
{"logTime": "0424/082108", "correlationVector":"yOC7EtGr7QhD9uQYxWZLRA.1","action":"SyncServerConnectionManagerRequest", "result":"SYNC_SERVER_OK", "context":{"environment":"Prod_eastasia_prod-s01-034-apac-eastasia", "migrationStage":"NotStarted", "server":"akswtt00600004v"}}
{"logTime": "0424/082108", "correlationVector":"yOC7EtGr7QhD9uQYxWZLRA.2","action":"Commit Response", "result":"Success", "context":Result: Success. cV=yOC7EtGr7QhD9uQYxWZLRA.0;server=akswtt00600004v;cloudType=Consumer;environment=Prod_eastasia_prod-s01-034-apac-eastasia;migrationStage=NotStarted}
{"logTime": "0428/021402", "correlationVector":"SOiiJ1oxWHJPf/Jfn96ej8.1","action":"SyncServerConnectionManagerRequest", "result":"SYNC_SERVER_OK", "context":{"environment":"Prod_eastasia_prod-s01-034-apac-eastasia", "migrationStage":"NotStarted", "server":"akswtt00700002b"}}
{"logTime": "0428/021402", "correlationVector":"SOiiJ1oxWHJPf/Jfn96ej8.2","action":"ProcessGetUpdates", "result":"Done", "context":{"dataType":"Encryption Keys", "deleted":"0", "process_failed_to_decrypt":"0", "process_pending_decryption":"0", "process_success":"1", "total":"1"}}
{"logTime": "0428/021403", "correlationVector":"2z8Gbn6zfFdogxZk8G5+GV","action":"SyncServerConnectionManagerRequest", "result":"SYNC_SERVER_OK", "context":{"environment":"", "migrationStage":"", "server":""}}
{"logTime": "0428/021403", "correlationVector":"2z8Gbn6zfFdogxZk8G5+GV.0","action":"EncryptionKeysFetcher.DownloadKeys:", "result":"Success", "context":Key count: 2, Last key timestamp: 2024-12-28T08:53:57Z}
{"logTime": "0428/021403", "correlationVector":"2z8Gbn6zfFdogxZk8G5+GV.1","action":"EncryptionKeysManager::SetEncryptionKeys:", "result":"Success", "context":Key names[2]:[eqi+DU0+a71aCttff0NafIuOaXa+K0kIWkebx6ECBvTJoFw9Pe5iNcEtk5Gwa0xAOSEtCk0KU3VvqO48wI+xiQ==][mQln1eUwICRoelT5nkDdzK1JXe2E7HX7kITh3XmIASY1fMuVOi2x+ozUPBQDw/IYepGiunrLI0+YnxJPWBUYyA==]}
{"logTime": "0428/021403", "correlationVector":"2z8Gbn6zfFdogxZk8G5+GV.2","action":"EncryptionKeysManager::SetEncryptionKeysWithTimestamps:", "result":"Success", "context":Key timestamps[2]:[2024-07-01T08:09:15Z][2024-12-28T08:53:57Z]}
{"logTime": "0428/021403", "correlationVector":"SOiiJ1oxWHJPf/Jfn96ej8","action":"Initial GetUpdates", "result":"", "context":Reason: NEW_CLIENT. cV=SOiiJ1oxWHJPf/Jfn96ej8}
{"logTime": "0428/021403", "correlationVector":"SOiiJ1oxWHJPf/Jfn96ej8.3","action":"GetUpdates Response", "result":"Success", "context":Received 1 update(s). cV=SOiiJ1oxWHJPf/Jfn96ej8.0;server=akswtt00700002b;cloudType=Consumer;environment=Prod_eastasia_prod-s01-034-apac-eastasia;migrationStage=NotStarted}
{"logTime": "0428/021403", "correlationVector":"9SxSB6IN24f/8SCeSJFKzg","action":"Initial GetUpdates", "result":"", "context":Reason: NEWLY_SUPPORTED_DATATYPE. cV=9SxSB6IN24f/8SCeSJFKzg}
{"logTime": "0428/021403", "correlationVector":"9SxSB6IN24f/8SCeSJFKzg.1","action":"SyncServerConnectionManagerRequest", "result":"SYNC_SERVER_OK", "context":{"environment":"Prod_eastasia_prod-s01-034-apac-eastasia", "migrationStage":"NotStarted", "server":"akswtt00700002z"}}
{"logTime": "0428/021403", "correlationVector":"9SxSB6IN24f/8SCeSJFKzg.2","action":"ProcessGetUpdates", "result":"Done", "context":{"dataType":"Passwords", "deleted":"0", "process_failed_to_decrypt":"0", "process_pending_decryption":"0", "process_success":"2", "total":"2"}}
{"logTime": "0428/021403", "correlationVector":"9SxSB6IN24f/8SCeSJFKzg.3","action":"GetUpdates Response", "result":"Success", "context":Received 2 update(s). cV=9SxSB6IN24f/8SCeSJFKzg.0;server=akswtt00700002z;cloudType=Consumer;environment=Prod_eastasia_prod-s01-034-apac-eastasia;migrationStage=NotStarted}
{"logTime": "0428/021403", "correlationVector":"CsIM4XHvsHtV8G7hu/22yt","action":"Normal GetUpdate request", "result":"", "context":cV=CsIM4XHvsHtV8G7hu/22yt
Nudged types: Sessions, Device Info, History
Refresh requested types: Bookmarks, Preferences, Passwords, Autofill Profiles, Autofill, Extensions, Sessions, Extension settings, History Delete Directives, Device Info, User Consents, Send Tab To Self, Web Apps, History, Saved Tab Group, Collection, Edge E Drop, Edge Hub App Usage, Edge Tab Group, Edge Wallet, Encryption Keys}
{"logTime": "0428/021403", "correlationVector":"CsIM4XHvsHtV8G7hu/22yt.1","action":"SyncServerConnectionManagerRequest", "result":"SYNC_SERVER_OK", "context":{"environment":"Prod_eastasia_prod-s01-034-apac-eastasia", "migrationStage":"NotStarted", "server":"akswtt00700000d"}}
{"logTime": "0428/021403", "correlationVector":"CsIM4XHvsHtV8G7hu/22yt.2","action":"ProcessGetUpdates", "result":"Done", "context":{"dataType":"Preferences", "deleted":"0", "process_failed_to_decrypt":"0", "process_pending_decryption":"0", "process_success":"2", "total":"2"}}
{"logTime": "0428/021403", "correlationVector":"CsIM4XHvsHtV8G7hu/22yt.3","action":"ProcessGetUpdates", "result":"Done", "context":{"dataType":"Sessions", "deleted":"4", "process_failed_to_decrypt":"0", "process_pending_decryption":"0", "process_success":"8", "total":"8"}}
{"logTime": "0428/021403", "correlationVector":"CsIM4XHvsHtV8G7hu/22yt.4","action":"ProcessGetUpdates", "result":"Done", "context":{"dataType":"Device Info", "deleted":"0", "process_failed_to_decrypt":"0", "process_pending_decryption":"0", "process_success":"2", "total":"2"}}
{"logTime": "0428/021403", "correlationVector":"CsIM4XHvsHtV8G7hu/22yt.5","action":"ProcessGetUpdates", "result":"Done", "context":{"dataType":"History", "deleted":"0", "process_failed_to_decrypt":"0", "process_pending_decryption":"0", "process_success":"30", "total":"30"}}
{"logTime": "0428/021403", "correlationVector":"CsIM4XHvsHtV8G7hu/22yt.6","action":"GetUpdates Response", "result":"Success", "context":Received 42 update(s). cV=CsIM4XHvsHtV8G7hu/22yt.0;server=akswtt00700000d;cloudType=Consumer;environment=Prod_eastasia_prod-s01-034-apac-eastasia;migrationStage=NotStarted}
{"logTime": "0428/021403", "correlationVector":"rQ8mf/bE84L6L+nY2rDoIs","action":"Poll GetUpdate request", "result":"", "context":cV=rQ8mf/bE84L6L+nY2rDoIs}
{"logTime": "0428/021403", "correlationVector":"rQ8mf/bE84L6L+nY2rDoIs.1","action":"SyncServerConnectionManagerRequest", "result":"SYNC_SERVER_OK", "context":{"environment":"Prod_eastasia_prod-s01-034-apac-eastasia", "migrationStage":"NotStarted", "server":"akswtt00700002c"}}
{"logTime": "0428/021403", "correlationVector":"rQ8mf/bE84L6L+nY2rDoIs.2","action":"GetUpdates Response", "result":"Success", "context":Received 0 update(s). cV=rQ8mf/bE84L6L+nY2rDoIs.0;server=akswtt00700002c;cloudType=Consumer;environment=Prod_eastasia_prod-s01-034-apac-eastasia;migrationStage=NotStarted}
{"logTime": "0428/021406", "correlationVector":"82sXLYjJ5XeMx9K66wFk98","action":"Commit Request", "result":"", "context":Item count: 1
Contributing types: Preferences}
{"logTime": "0428/021406", "correlationVector":"82sXLYjJ5XeMx9K66wFk98.1","action":"SyncServerConnectionManagerRequest", "result":"SYNC_SERVER_OK", "context":{"environment":"Prod_eastasia_prod-s01-034-apac-eastasia", "migrationStage":"NotStarted", "server":"akswtt00700000m"}}
{"logTime": "0428/021406", "correlationVector":"82sXLYjJ5XeMx9K66wFk98.2","action":"Commit Response", "result":"Success", "context":Result: Success. cV=82sXLYjJ5XeMx9K66wFk98.0;server=akswtt00700000m;cloudType=Consumer;environment=Prod_eastasia_prod-s01-034-apac-eastasia;migrationStage=NotStarted}
{"logTime": "0428/021431", "correlationVector":"xiqd9WCDtIDxomtAyVy7yf","action":"Commit Request", "result":"", "context":Item count: 4
Contributing types: Preferences, Sessions, History}
{"logTime": "0428/021432", "correlationVector":"xiqd9WCDtIDxomtAyVy7yf.1","action":"SyncServerConnectionManagerRequest", "result":"SYNC_SERVER_OK", "context":{"environment":"Prod_eastasia_prod-s01-034-apac-eastasia", "migrationStage":"NotStarted", "server":"akswtt00700000o"}}
{"logTime": "0428/021432", "correlationVector":"xiqd9WCDtIDxomtAyVy7yf.2","action":"Commit Response", "result":"Success", "context":Result: Success. cV=xiqd9WCDtIDxomtAyVy7yf.0;server=akswtt00700000o;cloudType=Consumer;environment=Prod_eastasia_prod-s01-034-apac-eastasia;migrationStage=NotStarted}
{"logTime": "0428/021514", "correlationVector":"edj39ugXYhRqKvl31PWAZx","action":"Commit Request", "result":"", "context":Item count: 1
Contributing types: Device Info}
{"logTime": "0428/021514", "correlationVector":"edj39ugXYhRqKvl31PWAZx.1","action":"SyncServerConnectionManagerRequest", "result":"SYNC_SERVER_OK", "context":{"environment":"Prod_eastasia_prod-s01-034-apac-eastasia", "migrationStage":"NotStarted", "server":"akswtt007000033"}}
{"logTime": "0428/021514", "correlationVector":"edj39ugXYhRqKvl31PWAZx.2","action":"Commit Response", "result":"Success", "context":Result: Success. cV=edj39ugXYhRqKvl31PWAZx.0;server=akswtt007000033;cloudType=Consumer;environment=Prod_eastasia_prod-s01-034-apac-eastasia;migrationStage=NotStarted}
{"logTime": "0428/021858", "correlationVector":"3DDLkW2GYWY3uUfqDEHhbm","action":"Commit Request", "result":"", "context":Item count: 2
Contributing types: Sessions, History}
{"logTime": "0428/021859", "correlationVector":"3DDLkW2GYWY3uUfqDEHhbm.1","action":"SyncServerConnectionManagerRequest", "result":"SYNC_SERVER_OK", "context":{"environment":"Prod_eastasia_prod-s01-034-apac-eastasia", "migrationStage":"NotStarted", "server":"akswtt00700001t"}}
{"logTime": "0428/021859", "correlationVector":"3DDLkW2GYWY3uUfqDEHhbm.2","action":"Commit Response", "result":"Success", "context":Result: Success. cV=3DDLkW2GYWY3uUfqDEHhbm.0;server=akswtt00700001t;cloudType=Consumer;environment=Prod_eastasia_prod-s01-034-apac-eastasia;migrationStage=NotStarted}
{"logTime": "0428/025343", "correlationVector":"bk1n4LCFbTZFoGJREPtQ7X.1","action":"SyncServerConnectionManagerRequest", "result":"SYNC_SERVER_OK", "context":{"environment":"Prod_eastasia_prod-s01-034-apac-eastasia", "migrationStage":"NotStarted", "server":"akswtt007000006"}}
{"logTime": "0428/025343", "correlationVector":"bk1n4LCFbTZFoGJREPtQ7X.2","action":"ProcessGetUpdates", "result":"Done", "context":{"dataType":"Encryption Keys", "deleted":"0", "process_failed_to_decrypt":"0", "process_pending_decryption":"0", "process_success":"1", "total":"1"}}
{"logTime": "0428/025344", "correlationVector":"LELto5yrhXSp7geOEzRjeM","action":"SyncServerConnectionManagerRequest", "result":"SYNC_SERVER_OK", "context":{"environment":"", "migrationStage":"", "server":""}}
{"logTime": "0428/025344", "correlationVector":"LELto5yrhXSp7geOEzRjeM.0","action":"EncryptionKeysFetcher.DownloadKeys:", "result":"Success", "context":Key count: 2, Last key timestamp: 2024-12-28T08:53:57Z}
{"logTime": "0428/025344", "correlationVector":"LELto5yrhXSp7geOEzRjeM.1","action":"EncryptionKeysManager::SetEncryptionKeys:", "result":"Success", "context":Key names[2]:[eqi+DU0+a71aCttff0NafIuOaXa+K0kIWkebx6ECBvTJoFw9Pe5iNcEtk5Gwa0xAOSEtCk0KU3VvqO48wI+xiQ==][mQln1eUwICRoelT5nkDdzK1JXe2E7HX7kITh3XmIASY1fMuVOi2x+ozUPBQDw/IYepGiunrLI0+YnxJPWBUYyA==]}
{"logTime": "0428/025344", "correlationVector":"LELto5yrhXSp7geOEzRjeM.2","action":"EncryptionKeysManager::SetEncryptionKeysWithTimestamps:", "result":"Success", "context":Key timestamps[2]:[2024-07-01T08:09:15Z][2024-12-28T08:53:57Z]}
{"logTime": "0428/025344", "correlationVector":"bk1n4LCFbTZFoGJREPtQ7X","action":"Initial GetUpdates", "result":"", "context":Reason: NEW_CLIENT. cV=bk1n4LCFbTZFoGJREPtQ7X}
{"logTime": "0428/025344", "correlationVector":"bk1n4LCFbTZFoGJREPtQ7X.3","action":"GetUpdates Response", "result":"Success", "context":Received 1 update(s). cV=bk1n4LCFbTZFoGJREPtQ7X.0;server=akswtt007000006;cloudType=Consumer;environment=Prod_eastasia_prod-s01-034-apac-eastasia;migrationStage=NotStarted}
{"logTime": "0428/025344", "correlationVector":"cj6EM8NaU91IR9/5h7hQso","action":"Initial GetUpdates", "result":"", "context":Reason: NEWLY_SUPPORTED_DATATYPE. cV=cj6EM8NaU91IR9/5h7hQso}
{"logTime": "0428/025344", "correlationVector":"cj6EM8NaU91IR9/5h7hQso.1","action":"SyncServerConnectionManagerRequest", "result":"SYNC_SERVER_OK", "context":{"environment":"Prod_eastasia_prod-s01-034-apac-eastasia", "migrationStage":"NotStarted", "server":"akswtt00700000d"}}
{"logTime": "0428/025344", "correlationVector":"cj6EM8NaU91IR9/5h7hQso.2","action":"ProcessGetUpdates", "result":"Done", "context":{"dataType":"Passwords", "deleted":"0", "process_failed_to_decrypt":"0", "process_pending_decryption":"0", "process_success":"2", "total":"2"}}
{"logTime": "0428/025344", "correlationVector":"cj6EM8NaU91IR9/5h7hQso.3","action":"GetUpdates Response", "result":"Success", "context":Received 2 update(s). cV=cj6EM8NaU91IR9/5h7hQso.0;server=akswtt00700000d;cloudType=Consumer;environment=Prod_eastasia_prod-s01-034-apac-eastasia;migrationStage=NotStarted}
{"logTime": "0428/025344", "correlationVector":"7V0tp94VoucLvMSEX/Y4u8","action":"Normal GetUpdate request", "result":"", "context":cV=7V0tp94VoucLvMSEX/Y4u8
Nudged types: Sessions, Device Info, History
Refresh requested types: Bookmarks, Preferences, Passwords, Autofill Profiles, Autofill, Extensions, Sessions, Extension settings, History Delete Directives, Device Info, User Consents, Send Tab To Self, Web Apps, History, Saved Tab Group, Collection, Edge E Drop, Edge Hub App Usage, Edge Tab Group, Edge Wallet, Encryption Keys}
{"logTime": "0428/025344", "correlationVector":"7V0tp94VoucLvMSEX/Y4u8.1","action":"SyncServerConnectionManagerRequest", "result":"SYNC_SERVER_OK", "context":{"environment":"Prod_eastasia_prod-s01-034-apac-eastasia", "migrationStage":"NotStarted", "server":"akswtt007000008"}}
{"logTime": "0428/025344", "correlationVector":"7V0tp94VoucLvMSEX/Y4u8.2","action":"ProcessGetUpdates", "result":"Done", "context":{"dataType":"Preferences", "deleted":"0", "process_failed_to_decrypt":"0", "process_pending_decryption":"0", "process_success":"2", "total":"2"}}
{"logTime": "0428/025344", "correlationVector":"7V0tp94VoucLvMSEX/Y4u8.3","action":"ProcessGetUpdates", "result":"Done", "context":{"dataType":"Sessions", "deleted":"0", "process_failed_to_decrypt":"0", "process_pending_decryption":"0", "process_success":"2", "total":"2"}}
{"logTime": "0428/025344", "correlationVector":"7V0tp94VoucLvMSEX/Y4u8.4","action":"ProcessGetUpdates", "result":"Done", "context":{"dataType":"Device Info", "deleted":"0", "process_failed_to_decrypt":"0", "process_pending_decryption":"0", "process_success":"1", "total":"1"}}
{"logTime": "0428/025344", "correlationVector":"7V0tp94VoucLvMSEX/Y4u8.5","action":"ProcessGetUpdates", "result":"Done", "context":{"dataType":"History", "deleted":"0", "process_failed_to_decrypt":"0", "process_pending_decryption":"0", "process_success":"1", "total":"1"}}
{"logTime": "0428/025344", "correlationVector":"7V0tp94VoucLvMSEX/Y4u8.6","action":"GetUpdates Response", "result":"Success", "context":Received 6 update(s). cV=7V0tp94VoucLvMSEX/Y4u8.0;server=akswtt007000008;cloudType=Consumer;environment=Prod_eastasia_prod-s01-034-apac-eastasia;migrationStage=NotStarted}
{"logTime": "0428/025344", "correlationVector":"XPM9goC5QafagR199C63nB","action":"Commit Request", "result":"", "context":Item count: 4
Contributing types: Sessions, Device Info, History}
{"logTime": "0428/025345", "correlationVector":"XPM9goC5QafagR199C63nB.1","action":"SyncServerConnectionManagerRequest", "result":"SYNC_SERVER_OK", "context":{"environment":"Prod_eastasia_prod-s01-034-apac-eastasia", "migrationStage":"NotStarted", "server":"akswtt007000001"}}
{"logTime": "0428/025345", "correlationVector":"XPM9goC5QafagR199C63nB.2","action":"Commit Response", "result":"Success", "context":Result: Success. cV=XPM9goC5QafagR199C63nB.0;server=akswtt007000001;cloudType=Consumer;environment=Prod_eastasia_prod-s01-034-apac-eastasia;migrationStage=NotStarted}
{"logTime": "0428/025345", "correlationVector":"3kf/DpZYhw+GXa7W9l0D4C","action":"Commit Request", "result":"", "context":Item count: 1
Contributing types: Preferences}
{"logTime": "0428/025346", "correlationVector":"3kf/DpZYhw+GXa7W9l0D4C.1","action":"SyncServerConnectionManagerRequest", "result":"SYNC_SERVER_OK", "context":{"environment":"Prod_eastasia_prod-s01-034-apac-eastasia", "migrationStage":"NotStarted", "server":"akswtt007000011"}}
{"logTime": "0428/025346", "correlationVector":"3kf/DpZYhw+GXa7W9l0D4C.2","action":"Commit Response", "result":"Success", "context":Result: Success. cV=3kf/DpZYhw+GXa7W9l0D4C.0;server=akswtt007000011;cloudType=Consumer;environment=Prod_eastasia_prod-s01-034-apac-eastasia;migrationStage=NotStarted}
{"logTime": "0428/025450", "correlationVector":"cTeqszyrZgnYCAC17LOOT7","action":"Commit Request", "result":"", "context":Item count: 2
Contributing types: Sessions, History}
{"logTime": "0428/025450", "correlationVector":"cTeqszyrZgnYCAC17LOOT7.1","action":"SyncServerConnectionManagerRequest", "result":"SYNC_SERVER_OK", "context":{"environment":"Prod_eastasia_prod-s01-034-apac-eastasia", "migrationStage":"NotStarted", "server":"akswtt00700001l"}}
{"logTime": "0428/025450", "correlationVector":"cTeqszyrZgnYCAC17LOOT7.2","action":"Commit Response", "result":"Success", "context":Result: Success. cV=cTeqszyrZgnYCAC17LOOT7.0;server=akswtt00700001l;cloudType=Consumer;environment=Prod_eastasia_prod-s01-034-apac-eastasia;migrationStage=NotStarted}
{"logTime": "0428/032400", "correlationVector":"hsWVUx+bh7dZE0Inem5BZD.1","action":"SyncServerConnectionManagerRequest", "result":"SYNC_SERVER_OK", "context":{"environment":"Prod_eastasia_prod-s01-034-apac-eastasia", "migrationStage":"NotStarted", "server":"akswtt00700000z"}}
{"logTime": "0428/032400", "correlationVector":"hsWVUx+bh7dZE0Inem5BZD.2","action":"ProcessGetUpdates", "result":"Done", "context":{"dataType":"Encryption Keys", "deleted":"0", "process_failed_to_decrypt":"0", "process_pending_decryption":"0", "process_success":"1", "total":"1"}}
{"logTime": "0428/032400", "correlationVector":"TQkkR7+dlxTG0FrYPUi/Xi","action":"SyncServerConnectionManagerRequest", "result":"SYNC_SERVER_OK", "context":{"environment":"", "migrationStage":"", "server":""}}
{"logTime": "0428/032400", "correlationVector":"TQkkR7+dlxTG0FrYPUi/Xi.0","action":"EncryptionKeysFetcher.DownloadKeys:", "result":"Success", "context":Key count: 2, Last key timestamp: 2024-12-28T08:53:57Z}
{"logTime": "0428/032400", "correlationVector":"TQkkR7+dlxTG0FrYPUi/Xi.1","action":"EncryptionKeysManager::SetEncryptionKeys:", "result":"Success", "context":Key names[2]:[eqi+DU0+a71aCttff0NafIuOaXa+K0kIWkebx6ECBvTJoFw9Pe5iNcEtk5Gwa0xAOSEtCk0KU3VvqO48wI+xiQ==][mQln1eUwICRoelT5nkDdzK1JXe2E7HX7kITh3XmIASY1fMuVOi2x+ozUPBQDw/IYepGiunrLI0+YnxJPWBUYyA==]}
{"logTime": "0428/032400", "correlationVector":"TQkkR7+dlxTG0FrYPUi/Xi.2","action":"EncryptionKeysManager::SetEncryptionKeysWithTimestamps:", "result":"Success", "context":Key timestamps[2]:[2024-07-01T08:09:15Z][2024-12-28T08:53:57Z]}
{"logTime": "0428/032400", "correlationVector":"hsWVUx+bh7dZE0Inem5BZD","action":"Initial GetUpdates", "result":"", "context":Reason: NEW_CLIENT. cV=hsWVUx+bh7dZE0Inem5BZD}
{"logTime": "0428/032400", "correlationVector":"hsWVUx+bh7dZE0Inem5BZD.3","action":"GetUpdates Response", "result":"Success", "context":Received 1 update(s). cV=hsWVUx+bh7dZE0Inem5BZD.0;server=akswtt00700000z;cloudType=Consumer;environment=Prod_eastasia_prod-s01-034-apac-eastasia;migrationStage=NotStarted}
{"logTime": "0428/032400", "correlationVector":"/UraMHahkMcwo/qZhxfcCW","action":"Initial GetUpdates", "result":"", "context":Reason: NEWLY_SUPPORTED_DATATYPE. cV=/UraMHahkMcwo/qZhxfcCW}
{"logTime": "0428/032401", "correlationVector":"/UraMHahkMcwo/qZhxfcCW.1","action":"SyncServerConnectionManagerRequest", "result":"SYNC_SERVER_OK", "context":{"environment":"Prod_eastasia_prod-s01-034-apac-eastasia", "migrationStage":"NotStarted", "server":"akswtt007000004"}}
{"logTime": "0428/032401", "correlationVector":"/UraMHahkMcwo/qZhxfcCW.2","action":"ProcessGetUpdates", "result":"Done", "context":{"dataType":"Passwords", "deleted":"0", "process_failed_to_decrypt":"0", "process_pending_decryption":"0", "process_success":"2", "total":"2"}}
{"logTime": "0428/032401", "correlationVector":"/UraMHahkMcwo/qZhxfcCW.3","action":"GetUpdates Response", "result":"Success", "context":Received 2 update(s). cV=/UraMHahkMcwo/qZhxfcCW.0;server=akswtt007000004;cloudType=Consumer;environment=Prod_eastasia_prod-s01-034-apac-eastasia;migrationStage=NotStarted}
{"logTime": "0428/032401", "correlationVector":"l5zKZ1DZp7aTFHtXp6Kzwg","action":"Normal GetUpdate request", "result":"", "context":cV=l5zKZ1DZp7aTFHtXp6Kzwg
Nudged types: Sessions, Device Info, History
Refresh requested types: Bookmarks, Preferences, Passwords, Autofill Profiles, Autofill, Extensions, Sessions, Extension settings, History Delete Directives, Device Info, User Consents, Send Tab To Self, Web Apps, History, Saved Tab Group, Collection, Edge E Drop, Edge Hub App Usage, Edge Tab Group, Edge Wallet, Encryption Keys}
{"logTime": "0428/032401", "correlationVector":"l5zKZ1DZp7aTFHtXp6Kzwg.1","action":"SyncServerConnectionManagerRequest", "result":"SYNC_SERVER_OK", "context":{"environment":"Prod_eastasia_prod-s01-034-apac-eastasia", "migrationStage":"NotStarted", "server":"akswtt00700000z"}}
{"logTime": "0428/032401", "correlationVector":"l5zKZ1DZp7aTFHtXp6Kzwg.2","action":"ProcessGetUpdates", "result":"Done", "context":{"dataType":"Preferences", "deleted":"0", "process_failed_to_decrypt":"0", "process_pending_decryption":"0", "process_success":"1", "total":"1"}}
{"logTime": "0428/032401", "correlationVector":"l5zKZ1DZp7aTFHtXp6Kzwg.3","action":"ProcessGetUpdates", "result":"Done", "context":{"dataType":"Sessions", "deleted":"1", "process_failed_to_decrypt":"0", "process_pending_decryption":"0", "process_success":"3", "total":"3"}}
{"logTime": "0428/032401", "correlationVector":"l5zKZ1DZp7aTFHtXp6Kzwg.4","action":"ProcessGetUpdates", "result":"Done", "context":{"dataType":"Device Info", "deleted":"0", "process_failed_to_decrypt":"0", "process_pending_decryption":"0", "process_success":"1", "total":"1"}}
{"logTime": "0428/032401", "correlationVector":"l5zKZ1DZp7aTFHtXp6Kzwg.5","action":"ProcessGetUpdates", "result":"Done", "context":{"dataType":"History", "deleted":"0", "process_failed_to_decrypt":"0", "process_pending_decryption":"0", "process_success":"10", "total":"10"}}
{"logTime": "0428/032401", "correlationVector":"l5zKZ1DZp7aTFHtXp6Kzwg.6","action":"GetUpdates Response", "result":"Success", "context":Received 15 update(s). cV=l5zKZ1DZp7aTFHtXp6Kzwg.0;server=akswtt00700000z;cloudType=Consumer;environment=Prod_eastasia_prod-s01-034-apac-eastasia;migrationStage=NotStarted}
{"logTime": "0428/032403", "correlationVector":"swdqu0UaxdXdW/O02q46mc","action":"Commit Request", "result":"", "context":Item count: 1
Contributing types: Preferences}
{"logTime": "0428/032404", "correlationVector":"swdqu0UaxdXdW/O02q46mc.1","action":"SyncServerConnectionManagerRequest", "result":"SYNC_SERVER_OK", "context":{"environment":"Prod_eastasia_prod-s01-034-apac-eastasia", "migrationStage":"NotStarted", "server":"akswtt00700000q"}}
{"logTime": "0428/032404", "correlationVector":"swdqu0UaxdXdW/O02q46mc.2","action":"Commit Response", "result":"Success", "context":Result: Success. cV=swdqu0UaxdXdW/O02q46mc.0;server=akswtt00700000q;cloudType=Consumer;environment=Prod_eastasia_prod-s01-034-apac-eastasia;migrationStage=NotStarted}
{"logTime": "0428/032505", "correlationVector":"qdXRpcq+BVAZbDrrq2rIZT","action":"Commit Request", "result":"", "context":Item count: 3
Contributing types: Sessions, History}
{"logTime": "0428/032505", "correlationVector":"qdXRpcq+BVAZbDrrq2rIZT.1","action":"SyncServerConnectionManagerRequest", "result":"SYNC_SERVER_OK", "context":{"environment":"Prod_eastasia_prod-s01-034-apac-eastasia", "migrationStage":"NotStarted", "server":"akswtt00700000q"}}
{"logTime": "0428/032505", "correlationVector":"qdXRpcq+BVAZbDrrq2rIZT.2","action":"Commit Response", "result":"Success", "context":Result: Success. cV=qdXRpcq+BVAZbDrrq2rIZT.0;server=akswtt00700000q;cloudType=Consumer;environment=Prod_eastasia_prod-s01-034-apac-eastasia;migrationStage=NotStarted}
{"logTime": "0428/032703", "correlationVector":"ZUl+66UrOtno6UyYYD5cgr","action":"Commit Request", "result":"", "context":Item count: 1
Contributing types: Sessions}
{"logTime": "0428/032703", "correlationVector":"ZUl+66UrOtno6UyYYD5cgr.1","action":"SyncServerConnectionManagerRequest", "result":"SYNC_SERVER_OK", "context":{"environment":"Prod_eastasia_prod-s01-034-apac-eastasia", "migrationStage":"NotStarted", "server":"akswtt00700002q"}}
{"logTime": "0428/032703", "correlationVector":"ZUl+66UrOtno6UyYYD5cgr.2","action":"Commit Response", "result":"Success", "context":Result: Success. cV=ZUl+66UrOtno6UyYYD5cgr.0;server=akswtt00700002q;cloudType=Consumer;environment=Prod_eastasia_prod-s01-034-apac-eastasia;migrationStage=NotStarted}
